============================= test session starts ==============================
platform linux -- Python 3.12.3, pytest-7.4.4, pluggy-1.4.0
rootdir: /opt/pm_updown_bot_bundle
collected 0 items / 1 error

==================================== ERRORS ====================================
__________________ ERROR collecting tests/test_stale_edge.py ___________________
tests/test_stale_edge.py:3: in <module>
    from strategies.stale_edge import StaleEdgeStrategy, BookTop
strategies/stale_edge.py:13: in <module>
    @dataclass
/usr/lib/python3.12/dataclasses.py:1268: in dataclass
    return wrap(cls)
/usr/lib/python3.12/dataclasses.py:1258: in wrap
    return _process_class(cls, init, repr, eq, order, unsafe_hash,
/usr/lib/python3.12/dataclasses.py:1063: in _process_class
    _init_fn(all_init_fields,
/usr/lib/python3.12/dataclasses.py:585: in _init_fn
    raise TypeError(f'non-default argument {f.name!r} '
E   TypeError: non-default argument 'ts_ms' follows default argument
=========================== short test summary info ============================
ERROR tests/test_stale_edge.py - TypeError: non-default argument 'ts_ms' foll...
!!!!!!!!!!!!!!!!!!!! Interrupted: 1 error during collection !!!!!!!!!!!!!!!!!!!!
=============================== 1 error in 0.42s ===============================
